2024-10-02 16:04:24 - Extron serial device connection initializing...

2024-10-02 16:04:24 - Device Serial<id=0x1f077db4f70, open=True>(port='COM3', baudrate=9600, bytesize=8, parity='N', stopbits=1, timeout=None, xonxoff=False, rtscts=False, dsrdtr=False) created.
2024-10-02 16:04:25 - Sending command: 2!
2024-10-02 16:04:26 - Sending command: 1!
2024-10-02 16:04:26 - Sending command: 3!
2024-10-02 16:04:26 - Sending command: 4!
2024-10-02 16:04:26 - Sending command: 1*1B
2024-10-02 16:04:27 - Sending command: 1*1F
2024-10-02 16:04:28 - Sending command: -47V
2024-10-02 16:05:01 - Extron serial device connection initializing...

2024-10-02 16:05:01 - Device Serial<id=0x1d55a974f70, open=True>(port='COM3', baudrate=9600, bytesize=8, parity='N', stopbits=1, timeout=None, xonxoff=False, rtscts=False, dsrdtr=False) created.
2024-10-02 16:05:05 - Sending command: W+snds9*9|%02PON%03
2024-10-02 16:10:35 - Extron serial device connection initializing...

2024-10-02 16:10:35 - Device Serial<id=0x1d30b404f70, open=True>(port='COM3', baudrate=9600, bytesize=8, parity='N', stopbits=1, timeout=None, xonxoff=False, rtscts=False, dsrdtr=False) created.
2024-10-02 16:10:37 - Sending command: 1!
2024-10-02 16:10:37 - Sending command: 2!
2024-10-02 16:10:37 - Sending command: 4!
2024-10-02 16:10:38 - Sending command: 3!
2024-10-02 16:10:38 - Sending command: W+snds9*9|%02PON%03
2024-10-02 16:10:49 - Sending command: 1*1B
2024-10-02 16:10:49 - Sending command: 1*1F
2024-10-02 16:10:50 - Sending command: 1*0B
2024-10-02 16:10:50 - Sending command: 1*0F
2024-10-02 16:10:51 - Sending command: 1Z
2024-10-02 16:10:51 - Sending command: 0Z
2024-10-02 16:10:51 - Sending command: -74V
2024-10-02 16:10:52 - Sending command: -34V
2024-10-02 16:10:52 - Sending command: -20V
2024-10-02 16:10:52 - Sending command: -20V
2024-10-02 16:10:53 - Sending command: -59V
2024-10-02 16:10:53 - Sending command: -74V
2024-10-02 16:10:53 - Sending command: -84V
2024-10-02 16:10:55 - Sending command: -12V
2024-10-02 16:10:56 - Sending command: -2V
2024-10-02 16:11:56 - Extron serial device connection initializing...

2024-10-02 16:11:56 - Device Serial<id=0x2846ca54f70, open=True>(port='COM3', baudrate=9600, bytesize=8, parity='N', stopbits=1, timeout=None, xonxoff=False, rtscts=False, dsrdtr=False) created.
2024-10-02 16:11:57 - Sending command: -20V
2024-10-02 16:11:58 - Sending command: 0V
2024-10-02 16:11:59 - Sending command: -50V
2024-10-02 16:12:03 - Sending command: -3V
2024-10-02 16:12:03 - Sending command: 0V
2024-10-02 16:12:04 - Sending command: -1V
2024-10-02 16:12:04 - Sending command: -6V
2024-10-02 16:12:04 - Sending command: -14V
2024-10-02 16:12:05 - Sending command: -23V
2024-10-02 16:12:05 - Sending command: -36V
2024-10-02 16:12:05 - Sending command: -40V
2024-10-02 16:12:05 - Sending command: -45V
2024-10-02 16:12:05 - Sending command: -50V
2024-10-02 16:12:06 - Sending command: -50V
2024-10-02 16:18:43 - Extron serial device connection initializing...

2024-10-02 16:18:44 - Device Serial<id=0x229209bfe50, open=True>(port='COM3', baudrate=9600, bytesize=8, parity='N', stopbits=1, timeout=None, xonxoff=False, rtscts=False, dsrdtr=False) created.
2024-10-02 16:18:45 - Sending command: 1!
2024-10-02 16:18:45 - Sending command: 2!
2024-10-02 16:18:46 - Sending command: 4!
2024-10-02 16:18:46 - Sending command: 3!
2024-10-02 16:18:47 - Sending command: W+snds9*9|%02PON%03
2024-10-02 16:18:58 - Sending command: 1*1B
2024-10-02 16:18:58 - Sending command: 1*1F
2024-10-02 16:18:59 - Sending command: 1*0B
2024-10-02 16:18:59 - Sending command: 1*0F
2024-10-02 16:19:00 - Sending command: 1Z
2024-10-02 16:19:01 - Sending command: -39V
2024-10-02 16:19:01 - Sending command: -17V
2024-10-02 16:19:02 - Sending command: -10V
2024-10-02 16:19:03 - Sending command: -28V
2024-10-02 16:19:03 - Sending command: -40V
2024-10-02 16:19:03 - Sending command: -49V
2024-10-02 16:19:04 - Sending command: -50V
2024-10-02 16:19:05 - Sending command: -11V
2024-10-02 16:19:05 - Sending command: 0V
2024-10-02 16:19:07 - Sending command: 1*1B
2024-10-02 16:19:07 - Sending command: 1*1F
2024-10-02 16:19:08 - Sending command: 2!
2024-10-02 16:19:08 - Sending command: 4!
2024-10-02 16:19:08 - Sending command: 3!
2024-10-02 16:19:08 - Sending command: 1!
2024-10-02 16:19:09 - Sending command: 4!
2024-10-02 16:19:09 - Sending command: 2!
2024-10-02 16:19:10 - Sending command: 3!
2024-10-02 16:19:10 - Sending command: 1!
2024-10-02 16:19:10 - Sending command: 4!
2024-10-02 16:19:11 - Sending command: 1*0B
2024-10-02 16:19:11 - Sending command: 1*0F
2024-10-02 16:19:12 - Sending command: 0Z
2024-10-02 16:19:13 - Sending command: 1!
2024-10-02 16:19:13 - Sending command: W+snds9*9|%02POF%03
